<?xml version="1.0" encoding="UTF-8"?>
<coverage generated="1676476483797" clover="3.2.0">
  <project timestamp="1676476483797" name="All files">
    <metrics statements="85" coveredstatements="75" conditionals="47" coveredconditionals="44" methods="21" coveredmethods="18" elements="153" coveredelements="137" complexity="0" loc="85" ncloc="85" packages="2" files="4" classes="4"/>
    <package name="constants">
      <metrics statements="9" coveredstatements="9" conditionals="0" coveredconditionals="0" methods="0" coveredmethods="0"/>
      <file name="gameConstants.mjs" path="C:\Users\Eugene\projects\connect-four\constants\gameConstants.mjs">
        <metrics statements="6" coveredstatements="6" conditionals="0" coveredconditionals="0" methods="0" coveredmethods="0"/>
        <line num="1" count="2" type="stmt"/>
        <line num="2" count="2" type="stmt"/>
        <line num="3" count="2" type="stmt"/>
        <line num="4" count="2" type="stmt"/>
        <line num="5" count="2" type="stmt"/>
        <line num="6" count="2" type="stmt"/>
      </file>
      <file name="messages.mjs" path="C:\Users\Eugene\projects\connect-four\constants\messages.mjs">
        <metrics statements="3" coveredstatements="3" conditionals="0" coveredconditionals="0" methods="0" coveredmethods="0"/>
        <line num="3" count="1" type="stmt"/>
        <line num="4" count="1" type="stmt"/>
        <line num="5" count="1" type="stmt"/>
      </file>
    </package>
    <package name="game">
      <metrics statements="76" coveredstatements="66" conditionals="47" coveredconditionals="44" methods="21" coveredmethods="18"/>
      <file name="Game.mjs" path="C:\Users\Eugene\projects\connect-four\game\Game.mjs">
        <metrics statements="70" coveredstatements="61" conditionals="46" coveredconditionals="43" methods="16" coveredmethods="15"/>
        <line num="6" count="1260" type="stmt"/>
        <line num="7" count="30" type="stmt"/>
        <line num="8" count="30" type="stmt"/>
        <line num="9" count="30" type="stmt"/>
        <line num="10" count="30" type="stmt"/>
        <line num="11" count="30" type="stmt"/>
        <line num="15" count="2" type="stmt"/>
        <line num="19" count="6" type="cond" truecount="2" falsecount="0"/>
        <line num="21" count="6" type="stmt"/>
        <line num="26" count="35" type="stmt"/>
        <line num="31" count="6" type="cond" truecount="2" falsecount="0"/>
        <line num="32" count="2" type="stmt"/>
        <line num="35" count="4" type="stmt"/>
        <line num="36" count="13" type="cond" truecount="2" falsecount="0"/>
        <line num="37" count="4" type="stmt"/>
        <line num="38" count="4" type="stmt"/>
        <line num="42" count="4" type="stmt"/>
        <line num="46" count="13" type="cond" truecount="2" falsecount="0"/>
        <line num="47" count="1" type="stmt"/>
        <line num="50" count="12" type="cond" truecount="4" falsecount="0"/>
        <line num="51" count="7" type="cond" truecount="2" falsecount="0"/>
        <line num="52" count="6" type="stmt"/>
        <line num="56" count="6" type="stmt"/>
        <line num="60" count="2" type="stmt"/>
        <line num="61" count="2" type="stmt"/>
        <line num="62" count="14" type="cond" truecount="2" falsecount="0"/>
        <line num="63" count="13" type="stmt"/>
        <line num="67" count="2" type="stmt"/>
        <line num="70" count="13" type="stmt"/>
        <line num="74" count="2" type="stmt"/>
        <line num="75" count="8" type="cond" truecount="2" falsecount="0"/>
        <line num="76" count="1" type="stmt"/>
        <line num="80" count="1" type="stmt"/>
        <line num="84" count="0" type="stmt"/>
        <line num="85" count="0" type="stmt"/>
        <line num="87" count="0" type="stmt"/>
        <line num="88" count="0" type="stmt"/>
        <line num="89" count="0" type="cond" truecount="0" falsecount="2"/>
        <line num="92" count="0" type="stmt"/>
        <line num="95" count="0" type="stmt"/>
        <line num="100" count="16" type="stmt"/>
        <line num="108" count="16" type="stmt"/>
        <line num="109" count="46" type="stmt"/>
        <line num="110" count="251" type="stmt"/>
        <line num="112" count="251" type="cond" truecount="2" falsecount="0"/>
        <line num="113" count="103" type="cond" truecount="5" falsecount="0"/>
        <line num="116" count="8" type="stmt"/>
        <line num="117" count="8" type="stmt"/>
        <line num="126" count="8" type="stmt"/>
        <line num="131" count="16" type="stmt"/>
        <line num="132" count="81" type="stmt"/>
        <line num="133" count="225" type="stmt"/>
        <line num="134" count="225" type="cond" truecount="2" falsecount="0"/>
        <line num="135" count="170" type="cond" truecount="5" falsecount="0"/>
        <line num="138" count="9" type="stmt"/>
        <line num="139" count="9" type="stmt"/>
        <line num="145" count="7" type="stmt"/>
        <line num="150" count="16" type="stmt"/>
        <line num="151" count="47" type="stmt"/>
        <line num="152" count="186" type="stmt"/>
        <line num="154" count="186" type="cond" truecount="6" falsecount="0"/>
        <line num="158" count="1" type="stmt"/>
        <line num="159" count="1" type="stmt"/>
        <line num="165" count="15" type="stmt"/>
        <line num="166" count="45" type="stmt"/>
        <line num="167" count="180" type="stmt"/>
        <line num="169" count="180" type="cond" truecount="5" falsecount="1"/>
        <line num="173" count="0" type="stmt"/>
        <line num="174" count="0" type="stmt"/>
        <line num="179" count="15" type="stmt"/>
      </file>
      <file name="Player.mjs" path="C:\Users\Eugene\projects\connect-four\game\Player.mjs">
        <metrics statements="6" coveredstatements="5" conditionals="1" coveredconditionals="1" methods="5" coveredmethods="3"/>
        <line num="5" count="8" type="stmt"/>
        <line num="6" count="8" type="stmt"/>
        <line num="10" count="2" type="stmt"/>
        <line num="12" count="2" type="stmt"/>
        <line num="20" count="4" type="stmt"/>
        <line num="24" count="0" type="stmt"/>
      </file>
    </package>
  </project>
</coverage>
