{"C:\\Users\\Eugene\\projects\\connect-four\\constants\\gameConstants.mjs": {"path":"C:\\Users\\Eugene\\projects\\connect-four\\constants\\gameConstants.mjs","statementMap":{"0":{"start":{"line":1,"column":29},"end":{"line":1,"column":30}},"1":{"start":{"line":2,"column":26},"end":{"line":2,"column":27}},"2":{"start":{"line":3,"column":28},"end":{"line":3,"column":31}},"3":{"start":{"line":4,"column":29},"end":{"line":4,"column":32}},"4":{"start":{"line":5,"column":21},"end":{"line":5,"column":28}},"5":{"start":{"line":6,"column":24},"end":{"line":6,"column":34}}},"fnMap":{},"branchMap":{},"s":{"0":2,"1":2,"2":2,"3":2,"4":2,"5":2},"f":{},"b":{},"inputSourceMap":null,"_coverageSchema":"1a1c01bbd47fc00a2c39e90264f33305004495a9","hash":"41ad594b98086d507344ee0b1aa607e7d12fa181"}
,"C:\\Users\\Eugene\\projects\\connect-four\\constants\\messages.mjs": {"path":"C:\\Users\\Eugene\\projects\\connect-four\\constants\\messages.mjs","statementMap":{"0":{"start":{"line":3,"column":37},"end":{"line":3,"column":84}},"1":{"start":{"line":4,"column":30},"end":{"line":4,"column":82}},"2":{"start":{"line":5,"column":24},"end":{"line":5,"column":52}}},"fnMap":{},"branchMap":{},"s":{"0":1,"1":1,"2":1},"f":{},"b":{},"inputSourceMap":null,"_coverageSchema":"1a1c01bbd47fc00a2c39e90264f33305004495a9","hash":"fdc4e69fc2e83808020f46f6d8eb99b6d391ce0d"}
,"C:\\Users\\Eugene\\projects\\connect-four\\game\\Game.mjs": {"path":"C:\\Users\\Eugene\\projects\\connect-four\\game\\Game.mjs","statementMap":{"0":{"start":{"line":6,"column":4},"end":{"line":6,"column":108}},"1":{"start":{"line":6,"column":61},"end":{"line":6,"column":107}},"2":{"start":{"line":6,"column":102},"end":{"line":6,"column":106}},"3":{"start":{"line":7,"column":4},"end":{"line":7,"column":27}},"4":{"start":{"line":8,"column":4},"end":{"line":8,"column":36}},"5":{"start":{"line":9,"column":4},"end":{"line":9,"column":23}},"6":{"start":{"line":10,"column":4},"end":{"line":10,"column":27}},"7":{"start":{"line":11,"column":4},"end":{"line":11,"column":45}},"8":{"start":{"line":15,"column":4},"end":{"line":15,"column":35}},"9":{"start":{"line":19,"column":4},"end":{"line":19,"column":99}},"10":{"start":{"line":21,"column":4},"end":{"line":21,"column":15}},"11":{"start":{"line":26,"column":4},"end":{"line":26,"column":22}},"12":{"start":{"line":31,"column":4},"end":{"line":33,"column":5}},"13":{"start":{"line":32,"column":6},"end":{"line":32,"column":38}},"14":{"start":{"line":35,"column":4},"end":{"line":40,"column":5}},"15":{"start":{"line":35,"column":17},"end":{"line":35,"column":30}},"16":{"start":{"line":36,"column":6},"end":{"line":39,"column":7}},"17":{"start":{"line":37,"column":8},"end":{"line":37,"column":68}},"18":{"start":{"line":38,"column":8},"end":{"line":38,"column":14}},"19":{"start":{"line":42,"column":4},"end":{"line":42,"column":15}},"20":{"start":{"line":46,"column":4},"end":{"line":48,"column":5}},"21":{"start":{"line":47,"column":6},"end":{"line":47,"column":18}},"22":{"start":{"line":50,"column":4},"end":{"line":54,"column":5}},"23":{"start":{"line":51,"column":6},"end":{"line":53,"column":7}},"24":{"start":{"line":52,"column":8},"end":{"line":52,"column":19}},"25":{"start":{"line":56,"column":4},"end":{"line":56,"column":16}},"26":{"start":{"line":60,"column":25},"end":{"line":60,"column":27}},"27":{"start":{"line":61,"column":4},"end":{"line":65,"column":5}},"28":{"start":{"line":61,"column":17},"end":{"line":61,"column":18}},"29":{"start":{"line":62,"column":6},"end":{"line":64,"column":7}},"30":{"start":{"line":63,"column":8},"end":{"line":63,"column":28}},"31":{"start":{"line":67,"column":4},"end":{"line":67,"column":36}},"32":{"start":{"line":70,"column":4},"end":{"line":70,"column":51}},"33":{"start":{"line":70,"column":33},"end":{"line":70,"column":38}},"34":{"start":{"line":74,"column":4},"end":{"line":78,"column":5}},"35":{"start":{"line":75,"column":6},"end":{"line":77,"column":7}},"36":{"start":{"line":76,"column":8},"end":{"line":76,"column":20}},"37":{"start":{"line":80,"column":4},"end":{"line":80,"column":15}},"38":{"start":{"line":84,"column":4},"end":{"line":93,"column":5}},"39":{"start":{"line":84,"column":19},"end":{"line":84,"column":20}},"40":{"start":{"line":85,"column":19},"end":{"line":85,"column":22}},"41":{"start":{"line":87,"column":6},"end":{"line":90,"column":7}},"42":{"start":{"line":87,"column":21},"end":{"line":87,"column":22}},"43":{"start":{"line":88,"column":21},"end":{"line":88,"column":41}},"44":{"start":{"line":89,"column":8},"end":{"line":89,"column":47}},"45":{"start":{"line":92,"column":6},"end":{"line":92,"column":26}},"46":{"start":{"line":95,"column":4},"end":{"line":95,"column":49}},"47":{"start":{"line":100,"column":4},"end":{"line":104,"column":5}},"48":{"start":{"line":108,"column":4},"end":{"line":124,"column":5}},"49":{"start":{"line":108,"column":19},"end":{"line":108,"column":20}},"50":{"start":{"line":109,"column":6},"end":{"line":123,"column":7}},"51":{"start":{"line":109,"column":21},"end":{"line":109,"column":35}},"52":{"start":{"line":110,"column":28},"end":{"line":110,"column":48}},"53":{"start":{"line":112,"column":8},"end":{"line":121,"column":9}},"54":{"start":{"line":113,"column":10},"end":{"line":119,"column":11}},"55":{"start":{"line":116,"column":12},"end":{"line":116,"column":37}},"56":{"start":{"line":117,"column":12},"end":{"line":117,"column":23}},"57":{"start":{"line":126,"column":4},"end":{"line":126,"column":16}},"58":{"start":{"line":131,"column":4},"end":{"line":143,"column":5}},"59":{"start":{"line":131,"column":19},"end":{"line":131,"column":20}},"60":{"start":{"line":132,"column":6},"end":{"line":142,"column":7}},"61":{"start":{"line":132,"column":21},"end":{"line":132,"column":35}},"62":{"start":{"line":133,"column":28},"end":{"line":133,"column":48}},"63":{"start":{"line":134,"column":8},"end":{"line":141,"column":9}},"64":{"start":{"line":135,"column":10},"end":{"line":140,"column":11}},"65":{"start":{"line":138,"column":12},"end":{"line":138,"column":37}},"66":{"start":{"line":139,"column":12},"end":{"line":139,"column":23}},"67":{"start":{"line":145,"column":4},"end":{"line":145,"column":16}},"68":{"start":{"line":150,"column":4},"end":{"line":162,"column":5}},"69":{"start":{"line":150,"column":19},"end":{"line":150,"column":20}},"70":{"start":{"line":151,"column":6},"end":{"line":161,"column":7}},"71":{"start":{"line":151,"column":21},"end":{"line":151,"column":22}},"72":{"start":{"line":152,"column":28},"end":{"line":152,"column":48}},"73":{"start":{"line":154,"column":8},"end":{"line":160,"column":9}},"74":{"start":{"line":158,"column":10},"end":{"line":158,"column":35}},"75":{"start":{"line":159,"column":10},"end":{"line":159,"column":22}},"76":{"start":{"line":165,"column":4},"end":{"line":177,"column":5}},"77":{"start":{"line":165,"column":19},"end":{"line":165,"column":20}},"78":{"start":{"line":166,"column":6},"end":{"line":176,"column":7}},"79":{"start":{"line":166,"column":21},"end":{"line":166,"column":22}},"80":{"start":{"line":167,"column":28},"end":{"line":167,"column":48}},"81":{"start":{"line":169,"column":8},"end":{"line":175,"column":9}},"82":{"start":{"line":173,"column":10},"end":{"line":173,"column":35}},"83":{"start":{"line":174,"column":10},"end":{"line":174,"column":22}},"84":{"start":{"line":179,"column":4},"end":{"line":179,"column":16}}},"fnMap":{"0":{"name":"(anonymous_0)","decl":{"start":{"line":5,"column":2},"end":{"line":5,"column":3}},"loc":{"start":{"line":5,"column":23},"end":{"line":12,"column":3}},"line":5},"1":{"name":"(anonymous_1)","decl":{"start":{"line":6,"column":55},"end":{"line":6,"column":56}},"loc":{"start":{"line":6,"column":61},"end":{"line":6,"column":107}},"line":6},"2":{"name":"(anonymous_2)","decl":{"start":{"line":6,"column":96},"end":{"line":6,"column":97}},"loc":{"start":{"line":6,"column":102},"end":{"line":6,"column":106}},"line":6},"3":{"name":"(anonymous_3)","decl":{"start":{"line":14,"column":2},"end":{"line":14,"column":3}},"loc":{"start":{"line":14,"column":21},"end":{"line":16,"column":3}},"line":14},"4":{"name":"(anonymous_4)","decl":{"start":{"line":18,"column":2},"end":{"line":18,"column":3}},"loc":{"start":{"line":18,"column":17},"end":{"line":22,"column":3}},"line":18},"5":{"name":"(anonymous_5)","decl":{"start":{"line":25,"column":2},"end":{"line":25,"column":3}},"loc":{"start":{"line":25,"column":18},"end":{"line":27,"column":3}},"line":25},"6":{"name":"(anonymous_6)","decl":{"start":{"line":30,"column":2},"end":{"line":30,"column":3}},"loc":{"start":{"line":30,"column":26},"end":{"line":43,"column":3}},"line":30},"7":{"name":"(anonymous_7)","decl":{"start":{"line":45,"column":2},"end":{"line":45,"column":3}},"loc":{"start":{"line":45,"column":28},"end":{"line":57,"column":3}},"line":45},"8":{"name":"(anonymous_8)","decl":{"start":{"line":59,"column":2},"end":{"line":59,"column":3}},"loc":{"start":{"line":59,"column":20},"end":{"line":71,"column":3}},"line":59},"9":{"name":"(anonymous_9)","decl":{"start":{"line":70,"column":28},"end":{"line":70,"column":29}},"loc":{"start":{"line":70,"column":33},"end":{"line":70,"column":38}},"line":70},"10":{"name":"(anonymous_10)","decl":{"start":{"line":73,"column":2},"end":{"line":73,"column":3}},"loc":{"start":{"line":73,"column":16},"end":{"line":81,"column":3}},"line":73},"11":{"name":"(anonymous_11)","decl":{"start":{"line":83,"column":2},"end":{"line":83,"column":3}},"loc":{"start":{"line":83,"column":14},"end":{"line":96,"column":3}},"line":83},"12":{"name":"(anonymous_12)","decl":{"start":{"line":99,"column":2},"end":{"line":99,"column":3}},"loc":{"start":{"line":99,"column":13},"end":{"line":105,"column":3}},"line":99},"13":{"name":"(anonymous_13)","decl":{"start":{"line":107,"column":2},"end":{"line":107,"column":3}},"loc":{"start":{"line":107,"column":26},"end":{"line":128,"column":3}},"line":107},"14":{"name":"(anonymous_14)","decl":{"start":{"line":130,"column":2},"end":{"line":130,"column":3}},"loc":{"start":{"line":130,"column":24},"end":{"line":146,"column":3}},"line":130},"15":{"name":"(anonymous_15)","decl":{"start":{"line":148,"column":2},"end":{"line":148,"column":3}},"loc":{"start":{"line":148,"column":24},"end":{"line":180,"column":3}},"line":148}},"branchMap":{"0":{"loc":{"start":{"line":19,"column":25},"end":{"line":19,"column":99}},"type":"cond-expr","locations":[{"start":{"line":19,"column":66},"end":{"line":19,"column":81}},{"start":{"line":19,"column":84},"end":{"line":19,"column":99}}],"line":19},"1":{"loc":{"start":{"line":31,"column":4},"end":{"line":33,"column":5}},"type":"if","locations":[{"start":{"line":31,"column":4},"end":{"line":33,"column":5}},{"start":{},"end":{}}],"line":31},"2":{"loc":{"start":{"line":36,"column":6},"end":{"line":39,"column":7}},"type":"if","locations":[{"start":{"line":36,"column":6},"end":{"line":39,"column":7}},{"start":{},"end":{}}],"line":36},"3":{"loc":{"start":{"line":46,"column":4},"end":{"line":48,"column":5}},"type":"if","locations":[{"start":{"line":46,"column":4},"end":{"line":48,"column":5}},{"start":{},"end":{}}],"line":46},"4":{"loc":{"start":{"line":50,"column":4},"end":{"line":54,"column":5}},"type":"if","locations":[{"start":{"line":50,"column":4},"end":{"line":54,"column":5}},{"start":{},"end":{}}],"line":50},"5":{"loc":{"start":{"line":50,"column":10},"end":{"line":50,"column":59}},"type":"binary-expr","locations":[{"start":{"line":50,"column":10},"end":{"line":50,"column":26}},{"start":{"line":50,"column":30},"end":{"line":50,"column":59}}],"line":50},"6":{"loc":{"start":{"line":51,"column":6},"end":{"line":53,"column":7}},"type":"if","locations":[{"start":{"line":51,"column":6},"end":{"line":53,"column":7}},{"start":{},"end":{}}],"line":51},"7":{"loc":{"start":{"line":62,"column":6},"end":{"line":64,"column":7}},"type":"if","locations":[{"start":{"line":62,"column":6},"end":{"line":64,"column":7}},{"start":{},"end":{}}],"line":62},"8":{"loc":{"start":{"line":75,"column":6},"end":{"line":77,"column":7}},"type":"if","locations":[{"start":{"line":75,"column":6},"end":{"line":77,"column":7}},{"start":{},"end":{}}],"line":75},"9":{"loc":{"start":{"line":89,"column":18},"end":{"line":89,"column":46}},"type":"cond-expr","locations":[{"start":{"line":89,"column":25},"end":{"line":89,"column":37}},{"start":{"line":89,"column":40},"end":{"line":89,"column":46}}],"line":89},"10":{"loc":{"start":{"line":112,"column":8},"end":{"line":121,"column":9}},"type":"if","locations":[{"start":{"line":112,"column":8},"end":{"line":121,"column":9}},{"start":{},"end":{}}],"line":112},"11":{"loc":{"start":{"line":113,"column":10},"end":{"line":119,"column":11}},"type":"if","locations":[{"start":{"line":113,"column":10},"end":{"line":119,"column":11}},{"start":{},"end":{}}],"line":113},"12":{"loc":{"start":{"line":113,"column":14},"end":{"line":115,"column":52}},"type":"binary-expr","locations":[{"start":{"line":113,"column":14},"end":{"line":113,"column":54}},{"start":{"line":114,"column":12},"end":{"line":114,"column":52}},{"start":{"line":115,"column":12},"end":{"line":115,"column":52}}],"line":113},"13":{"loc":{"start":{"line":134,"column":8},"end":{"line":141,"column":9}},"type":"if","locations":[{"start":{"line":134,"column":8},"end":{"line":141,"column":9}},{"start":{},"end":{}}],"line":134},"14":{"loc":{"start":{"line":135,"column":10},"end":{"line":140,"column":11}},"type":"if","locations":[{"start":{"line":135,"column":10},"end":{"line":140,"column":11}},{"start":{},"end":{}}],"line":135},"15":{"loc":{"start":{"line":135,"column":14},"end":{"line":137,"column":52}},"type":"binary-expr","locations":[{"start":{"line":135,"column":14},"end":{"line":135,"column":54}},{"start":{"line":136,"column":12},"end":{"line":136,"column":52}},{"start":{"line":137,"column":12},"end":{"line":137,"column":52}}],"line":135},"16":{"loc":{"start":{"line":154,"column":8},"end":{"line":160,"column":9}},"type":"if","locations":[{"start":{"line":154,"column":8},"end":{"line":160,"column":9}},{"start":{},"end":{}}],"line":154},"17":{"loc":{"start":{"line":154,"column":12},"end":{"line":157,"column":54}},"type":"binary-expr","locations":[{"start":{"line":154,"column":12},"end":{"line":154,"column":23}},{"start":{"line":155,"column":10},"end":{"line":155,"column":54}},{"start":{"line":156,"column":10},"end":{"line":156,"column":54}},{"start":{"line":157,"column":10},"end":{"line":157,"column":54}}],"line":154},"18":{"loc":{"start":{"line":169,"column":8},"end":{"line":175,"column":9}},"type":"if","locations":[{"start":{"line":169,"column":8},"end":{"line":175,"column":9}},{"start":{},"end":{}}],"line":169},"19":{"loc":{"start":{"line":169,"column":12},"end":{"line":172,"column":54}},"type":"binary-expr","locations":[{"start":{"line":169,"column":12},"end":{"line":169,"column":23}},{"start":{"line":170,"column":10},"end":{"line":170,"column":54}},{"start":{"line":171,"column":10},"end":{"line":171,"column":54}},{"start":{"line":172,"column":10},"end":{"line":172,"column":54}}],"line":169}},"s":{"0":30,"1":210,"2":1260,"3":30,"4":30,"5":30,"6":30,"7":30,"8":2,"9":6,"10":6,"11":35,"12":6,"13":2,"14":4,"15":4,"16":13,"17":4,"18":4,"19":4,"20":13,"21":1,"22":12,"23":7,"24":6,"25":6,"26":2,"27":2,"28":2,"29":14,"30":13,"31":2,"32":2,"33":13,"34":2,"35":8,"36":1,"37":1,"38":0,"39":0,"40":0,"41":0,"42":0,"43":0,"44":0,"45":0,"46":0,"47":16,"48":16,"49":16,"50":46,"51":46,"52":251,"53":251,"54":103,"55":8,"56":8,"57":8,"58":16,"59":16,"60":81,"61":81,"62":225,"63":225,"64":170,"65":9,"66":9,"67":7,"68":16,"69":16,"70":47,"71":47,"72":186,"73":186,"74":1,"75":1,"76":15,"77":15,"78":45,"79":45,"80":180,"81":180,"82":0,"83":0,"84":15},"f":{"0":30,"1":210,"2":1260,"3":2,"4":6,"5":35,"6":6,"7":13,"8":2,"9":13,"10":2,"11":0,"12":16,"13":16,"14":16,"15":16},"b":{"0":[4,2],"1":[2,4],"2":[4,9],"3":[1,12],"4":[7,5],"5":[12,10],"6":[6,1],"7":[13,1],"8":[1,7],"9":[0,0],"10":[103,148],"11":[8,95],"12":[103,27,10],"13":[170,55],"14":[9,161],"15":[170,66,23],"16":[1,185],"17":[186,64,22,7],"18":[0,180],"19":[180,43,14,12]},"inputSourceMap":null,"_coverageSchema":"1a1c01bbd47fc00a2c39e90264f33305004495a9","hash":"2e9f6292f65a46355bd1edd379e3cc00facb94e3"}
,"C:\\Users\\Eugene\\projects\\connect-four\\game\\Player.mjs": {"path":"C:\\Users\\Eugene\\projects\\connect-four\\game\\Player.mjs","statementMap":{"0":{"start":{"line":5,"column":8},"end":{"line":5,"column":33}},"1":{"start":{"line":6,"column":8},"end":{"line":6,"column":31}},"2":{"start":{"line":10,"column":28},"end":{"line":10,"column":75}},"3":{"start":{"line":12,"column":8},"end":{"line":12,"column":40}},"4":{"start":{"line":20,"column":8},"end":{"line":20,"column":36}},"5":{"start":{"line":24,"column":8},"end":{"line":24,"column":31}}},"fnMap":{"0":{"name":"(anonymous_0)","decl":{"start":{"line":4,"column":4},"end":{"line":4,"column":5}},"loc":{"start":{"line":4,"column":40},"end":{"line":7,"column":5}},"line":4},"1":{"name":"(anonymous_1)","decl":{"start":{"line":9,"column":4},"end":{"line":9,"column":5}},"loc":{"start":{"line":9,"column":37},"end":{"line":13,"column":5}},"line":9},"2":{"name":"(anonymous_2)","decl":{"start":{"line":15,"column":4},"end":{"line":15,"column":5}},"loc":{"start":{"line":15,"column":50},"end":{"line":17,"column":5}},"line":15},"3":{"name":"(anonymous_3)","decl":{"start":{"line":19,"column":4},"end":{"line":19,"column":5}},"loc":{"start":{"line":19,"column":15},"end":{"line":21,"column":5}},"line":19},"4":{"name":"(anonymous_4)","decl":{"start":{"line":23,"column":4},"end":{"line":23,"column":5}},"loc":{"start":{"line":23,"column":14},"end":{"line":25,"column":5}},"line":23}},"branchMap":{"0":{"loc":{"start":{"line":4,"column":23},"end":{"line":4,"column":38}},"type":"default-arg","locations":[{"start":{"line":4,"column":30},"end":{"line":4,"column":38}}],"line":4}},"s":{"0":8,"1":8,"2":2,"3":2,"4":4,"5":0},"f":{"0":8,"1":2,"2":0,"3":4,"4":0},"b":{"0":[8]},"inputSourceMap":null,"_coverageSchema":"1a1c01bbd47fc00a2c39e90264f33305004495a9","hash":"dff9c96dfdab016e409c7f594f607249e5363861"}
}
