TN:
SF:constants\gameConstants.mjs
FNF:0
FNH:0
DA:1,2
DA:2,2
DA:3,2
DA:4,2
DA:5,2
DA:6,2
LF:6
LH:6
BRF:0
BRH:0
end_of_record
TN:
SF:constants\messages.mjs
FNF:0
FNH:0
DA:3,1
DA:4,1
DA:5,1
LF:3
LH:3
BRF:0
BRH:0
end_of_record
TN:
SF:game\Game.mjs
FN:5,(anonymous_0)
FN:6,(anonymous_1)
FN:6,(anonymous_2)
FN:14,(anonymous_3)
FN:18,(anonymous_4)
FN:25,(anonymous_5)
FN:30,(anonymous_6)
FN:45,(anonymous_7)
FN:59,(anonymous_8)
FN:70,(anonymous_9)
FN:73,(anonymous_10)
FN:83,(anonymous_11)
FN:99,(anonymous_12)
FN:107,(anonymous_13)
FN:130,(anonymous_14)
FN:148,(anonymous_15)
FNF:16
FNH:15
FNDA:30,(anonymous_0)
FNDA:210,(anonymous_1)
FNDA:1260,(anonymous_2)
FNDA:2,(anonymous_3)
FNDA:6,(anonymous_4)
FNDA:35,(anonymous_5)
FNDA:6,(anonymous_6)
FNDA:13,(anonymous_7)
FNDA:2,(anonymous_8)
FNDA:13,(anonymous_9)
FNDA:2,(anonymous_10)
FNDA:0,(anonymous_11)
FNDA:16,(anonymous_12)
FNDA:16,(anonymous_13)
FNDA:16,(anonymous_14)
FNDA:16,(anonymous_15)
DA:6,1260
DA:7,30
DA:8,30
DA:9,30
DA:10,30
DA:11,30
DA:15,2
DA:19,6
DA:21,6
DA:26,35
DA:31,6
DA:32,2
DA:35,4
DA:36,13
DA:37,4
DA:38,4
DA:42,4
DA:46,13
DA:47,1
DA:50,12
DA:51,7
DA:52,6
DA:56,6
DA:60,2
DA:61,2
DA:62,14
DA:63,13
DA:67,2
DA:70,13
DA:74,2
DA:75,8
DA:76,1
DA:80,1
DA:84,0
DA:85,0
DA:87,0
DA:88,0
DA:89,0
DA:92,0
DA:95,0
DA:100,16
DA:108,16
DA:109,46
DA:110,251
DA:112,251
DA:113,103
DA:116,8
DA:117,8
DA:126,8
DA:131,16
DA:132,81
DA:133,225
DA:134,225
DA:135,170
DA:138,9
DA:139,9
DA:145,7
DA:150,16
DA:151,47
DA:152,186
DA:154,186
DA:158,1
DA:159,1
DA:165,15
DA:166,45
DA:167,180
DA:169,180
DA:173,0
DA:174,0
DA:179,15
LF:70
LH:61
BRDA:19,0,0,4
BRDA:19,0,1,2
BRDA:31,1,0,2
BRDA:31,1,1,4
BRDA:36,2,0,4
BRDA:36,2,1,9
BRDA:46,3,0,1
BRDA:46,3,1,12
BRDA:50,4,0,7
BRDA:50,4,1,5
BRDA:50,5,0,12
BRDA:50,5,1,10
BRDA:51,6,0,6
BRDA:51,6,1,1
BRDA:62,7,0,13
BRDA:62,7,1,1
BRDA:75,8,0,1
BRDA:75,8,1,7
BRDA:89,9,0,0
BRDA:89,9,1,0
BRDA:112,10,0,103
BRDA:112,10,1,148
BRDA:113,11,0,8
BRDA:113,11,1,95
BRDA:113,12,0,103
BRDA:113,12,1,27
BRDA:113,12,2,10
BRDA:134,13,0,170
BRDA:134,13,1,55
BRDA:135,14,0,9
BRDA:135,14,1,161
BRDA:135,15,0,170
BRDA:135,15,1,66
BRDA:135,15,2,23
BRDA:154,16,0,1
BRDA:154,16,1,185
BRDA:154,17,0,186
BRDA:154,17,1,64
BRDA:154,17,2,22
BRDA:154,17,3,7
BRDA:169,18,0,0
BRDA:169,18,1,180
BRDA:169,19,0,180
BRDA:169,19,1,43
BRDA:169,19,2,14
BRDA:169,19,3,12
BRF:46
BRH:43
end_of_record
TN:
SF:game\Player.mjs
FN:4,(anonymous_0)
FN:9,(anonymous_1)
FN:15,(anonymous_2)
FN:19,(anonymous_3)
FN:23,(anonymous_4)
FNF:5
FNH:3
FNDA:8,(anonymous_0)
FNDA:2,(anonymous_1)
FNDA:0,(anonymous_2)
FNDA:4,(anonymous_3)
FNDA:0,(anonymous_4)
DA:5,8
DA:6,8
DA:10,2
DA:12,2
DA:20,4
DA:24,0
LF:6
LH:5
BRDA:4,0,0,8
BRF:1
BRH:1
end_of_record
